<?xml version="1.0" encoding="UTF-8"?>
<!-- Generated by org.testng.reporters.JUnitXMLReporter -->
<testsuite hostname="DESKTOP-S75L4FU" ignored="0" name="Default test" tests="4" failures="0" timestamp="11 Apr 2019 18:07:07 GMT" time="60.916" errors="0">
  <testcase name="validateFillForm" time="12.858" classname="com.src.test.TestLayer.RegisterFormPageTest"/>
  <testcase name="credentialTest" time="5.572" classname="com.src.test.TestLayer.RegisterFormPageTest"/>
  <testcase name="test3" time="6.89" classname="com.src.test.TestLayer.RegisterFormPageTest"/>
  <testcase name="addDetailsAboutTicket" time="5.358" classname="com.src.test.TestLayer.RegisterFormPageTest"/>
</testsuite> <!-- Default test -->
