<?xml version="1.0" encoding="UTF-8"?>
<testng-results skipped="0" failed="0" ignored="0" total="4" passed="4">
  <reporter-output>
  </reporter-output>
  <suite name="CodeMax Test Preparation" duration-ms="57703" started-at="2019-04-11T18:29:24Z" finished-at="2019-04-11T18:30:21Z">
    <groups>
    </groups>
    <test name="CodeNax Test" duration-ms="57703" started-at="2019-04-11T18:29:24Z" finished-at="2019-04-11T18:30:21Z">
      <class name="com.src.test.TestLayer.RegisterFormPageTest">
        <test-method status="PASS" signature="setUp()[pri:0, instance:com.src.test.TestLayer.RegisterFormPageTest@3c0ecd4b]" name="setUp" is-config="true" duration-ms="26096" started-at="2019-04-11T18:29:24Z" finished-at="2019-04-11T18:29:50Z">
          <reporter-output>
          </reporter-output>
        </test-method> <!-- setUp -->
        <test-method status="PASS" signature="validateFillForm(java.lang.String, java.lang.String, java.lang.String, java.lang.String, java.lang.String, java.lang.String, java.lang.String, java.lang.String, java.lang.String, java.lang.String, java.lang.String, java.lang.String, java.lang.String, java.lang.String)[pri:1, instance:com.src.test.TestLayer.RegisterFormPageTest@3c0ecd4b]" name="validateFillForm" duration-ms="13067" started-at="2019-04-11T18:29:52Z" data-provider="getFormData" finished-at="2019-04-11T18:30:05Z">
          <params>
            <param index="0">
              <value>
                <![CDATA[sudhir]]>
              </value>
            </param>
            <param index="1">
              <value>
                <![CDATA[jadhav]]>
              </value>
            </param>
            <param index="2">
              <value>
                <![CDATA[9.531853612E9]]>
              </value>
            </param>
            <param index="3">
              <value>
                <![CDATA[sudhir@gmail.com]]>
              </value>
            </param>
            <param index="4">
              <value>
                <![CDATA[karad, satara]]>
              </value>
            </param>
            <param index="5">
              <value>
                <![CDATA[satara]]>
              </value>
            </param>
            <param index="6">
              <value>
                <![CDATA[Maharashtra]]>
              </value>
            </param>
            <param index="7">
              <value>
                <![CDATA[411023.0]]>
              </value>
            </param>
            <param index="8">
              <value>
                <![CDATA[INDIA]]>
              </value>
            </param>
            <param index="9">
              <value>
                <![CDATA[sudhir123]]>
              </value>
            </param>
            <param index="10">
              <value>
                <![CDATA[sudhir123]]>
              </value>
            </param>
            <param index="11">
              <value>
                <![CDATA[sudhir123]]>
              </value>
            </param>
            <param index="12">
              <value>
                <![CDATA[]]>
              </value>
            </param>
            <param index="13">
              <value>
                <![CDATA[]]>
              </value>
            </param>
          </params>
          <reporter-output>
          </reporter-output>
        </test-method> <!-- validateFillForm -->
        <test-method status="PASS" signature="credentialTest(java.lang.String, java.lang.String)[pri:2, instance:com.src.test.TestLayer.RegisterFormPageTest@3c0ecd4b]" name="credentialTest" duration-ms="3121" started-at="2019-04-11T18:30:06Z" data-provider="getFormData2" finished-at="2019-04-11T18:30:09Z">
          <params>
            <param index="0">
              <value>
                <![CDATA[sudhir123]]>
              </value>
            </param>
            <param index="1">
              <value>
                <![CDATA[sudhir123]]>
              </value>
            </param>
          </params>
          <reporter-output>
          </reporter-output>
        </test-method> <!-- credentialTest -->
        <test-method status="PASS" signature="test3()[pri:3, instance:com.src.test.TestLayer.RegisterFormPageTest@3c0ecd4b]" name="test3" duration-ms="7476" started-at="2019-04-11T18:30:09Z" finished-at="2019-04-11T18:30:16Z">
          <reporter-output>
          </reporter-output>
        </test-method> <!-- test3 -->
        <test-method status="PASS" signature="addDetailsAboutTicket()[pri:4, instance:com.src.test.TestLayer.RegisterFormPageTest@3c0ecd4b]" name="addDetailsAboutTicket" duration-ms="5136" started-at="2019-04-11T18:30:16Z" finished-at="2019-04-11T18:30:21Z">
          <reporter-output>
          </reporter-output>
        </test-method> <!-- addDetailsAboutTicket -->
      </class> <!-- com.src.test.TestLayer.RegisterFormPageTest -->
    </test> <!-- CodeNax Test -->
  </suite> <!-- CodeMax Test Preparation -->
</testng-results>
